This file contains any messages produced by compilers while
running configure, to aid debugging if configure makes a mistake.

It was created by configure, which was
generated by GNU Autoconf 2.61.  Invocation command line was

  $ ./configure --no-create --no-recursion

## --------- ##
## Platform. ##
## --------- ##

hostname = badger
uname -m = i686
uname -r = 2.6.27-14-generic
uname -s = Linux
uname -v = #1 SMP Wed Apr 15 18:59:16 UTC 2009

/usr/bin/uname -p = unknown
/bin/uname -X     = unknown

/bin/arch              = unknown
/usr/bin/arch -k       = unknown
/usr/convex/getsysinfo = unknown
/usr/bin/hostinfo      = unknown
/bin/machine           = unknown
/usr/bin/oslevel       = unknown
/bin/universe          = unknown

PATH: /usr/local/sbin
PATH: /usr/local/bin
PATH: /usr/sbin
PATH: /usr/bin
PATH: /sbin
PATH: /bin
PATH: /usr/games
PATH: /opt/real/RealPlayer
PATH: /opt/android-sdk-linux_x86-1.0_r2/tools


## ----------- ##
## Core tests. ##
## ----------- ##

configure:1719: checking for a BSD-compatible install
configure:1775: result: /usr/bin/install -c
configure:1786: checking whether build environment is sane
configure:1829: result: yes
configure:1857: checking for a thread-safe mkdir -p
configure:1896: result: /bin/mkdir -p
configure:1909: checking for gawk
configure:1939: result: no
configure:1909: checking for mawk
configure:1925: found /usr/bin/mawk
configure:1936: result: mawk
configure:1947: checking whether make sets $(MAKE)
configure:1968: result: yes
configure:2204: checking for gcc
configure:2220: found /usr/bin/gcc
configure:2231: result: gcc
configure:2469: checking for C compiler version
configure:2476: gcc --version >&5
gcc (Ubuntu 4.3.2-1ubuntu12) 4.3.2
Copyright (C) 2008 Free Software Foundation, Inc.
This is free software; see the source for copying conditions.  There is NO
warranty; not even for MERCHANTABILITY or FITNESS FOR A PARTICULAR PURPOSE.

configure:2479: $? = 0
configure:2486: gcc -v >&5
Using built-in specs.
Target: i486-linux-gnu
Configured with: ../src/configure -v --with-pkgversion='Ubuntu 4.3.2-1ubuntu12' --with-bugurl=file:///usr/share/doc/gcc-4.3/README.Bugs --enable-languages=c,c++,fortran,objc,obj-c++ --prefix=/usr --enable-shared --with-system-zlib --libexecdir=/usr/lib --without-included-gettext --enable-threads=posix --enable-nls --with-gxx-include-dir=/usr/include/c++/4.3 --program-suffix=-4.3 --enable-clocale=gnu --enable-libstdcxx-debug --enable-objc-gc --enable-mpfr --enable-targets=all --enable-checking=release --build=i486-linux-gnu --host=i486-linux-gnu --target=i486-linux-gnu
Thread model: posix
gcc version 4.3.2 (Ubuntu 4.3.2-1ubuntu12) 
configure:2489: $? = 0
configure:2496: gcc -V >&5
gcc: '-V' option must have argument
configure:2499: $? = 1
configure:2522: checking for C compiler default output file name
configure:2549: gcc    conftest.c  >&5
configure:2552: $? = 0
configure:2590: result: a.out
configure:2607: checking whether the C compiler works
configure:2617: ./a.out
configure:2620: $? = 0
configure:2637: result: yes
configure:2644: checking whether we are cross compiling
configure:2646: result: no
configure:2649: checking for suffix of executables
configure:2656: gcc -o conftest    conftest.c  >&5
configure:2659: $? = 0
configure:2683: result: 
configure:2689: checking for suffix of object files
configure:2715: gcc -c   conftest.c >&5
configure:2718: $? = 0
configure:2741: result: o
configure:2745: checking whether we are using the GNU C compiler
configure:2774: gcc -c   conftest.c >&5
configure:2780: $? = 0
configure:2797: result: yes
configure:2802: checking whether gcc accepts -g
configure:2832: gcc -c -g  conftest.c >&5
configure:2838: $? = 0
configure:2937: result: yes
configure:2954: checking for gcc option to accept ISO C89
configure:3028: gcc  -c -g -O2  conftest.c >&5
configure:3034: $? = 0
configure:3057: result: none needed
configure:3086: checking for style of include used by make
configure:3114: result: GNU
configure:3139: checking dependency style of gcc
configure:3230: result: none
configure:3258: checking for a BSD-compatible install
configure:3314: result: /usr/bin/install -c
configure:3471: creating ./config.status

## ---------------- ##
## Cache variables. ##
## ---------------- ##

ac_cv_c_compiler_gnu=yes
ac_cv_env_CC_set=
ac_cv_env_CC_value=
ac_cv_env_CFLAGS_set=
ac_cv_env_CFLAGS_value=
ac_cv_env_CPPFLAGS_set=
ac_cv_env_CPPFLAGS_value=
ac_cv_env_LDFLAGS_set=
ac_cv_env_LDFLAGS_value=
ac_cv_env_LIBS_set=
ac_cv_env_LIBS_value=
ac_cv_env_build_alias_set=
ac_cv_env_build_alias_value=
ac_cv_env_host_alias_set=
ac_cv_env_host_alias_value=
ac_cv_env_target_alias_set=
ac_cv_env_target_alias_value=
ac_cv_objext=o
ac_cv_path_install='/usr/bin/install -c'
ac_cv_path_mkdir=/bin/mkdir
ac_cv_prog_AWK=mawk
ac_cv_prog_ac_ct_CC=gcc
ac_cv_prog_cc_c89=
ac_cv_prog_cc_g=yes
ac_cv_prog_make_make_set=yes
am_cv_CC_dependencies_compiler_type=none

## ----------------- ##
## Output variables. ##
## ----------------- ##

ACLOCAL='${SHELL} /home/arthur/amarok_now_playing/missing --run aclocal-1.10'
AMDEPBACKSLASH='\'
AMDEP_FALSE='#'
AMDEP_TRUE=''
AMTAR='${SHELL} /home/arthur/amarok_now_playing/missing --run tar'
AUTOCONF='${SHELL} /home/arthur/amarok_now_playing/missing --run autoconf'
AUTOHEADER='${SHELL} /home/arthur/amarok_now_playing/missing --run autoheader'
AUTOMAKE='${SHELL} /home/arthur/amarok_now_playing/missing --run automake-1.10'
AWK='mawk'
CC='gcc'
CCDEPMODE='depmode=none'
CFLAGS='-g -O2'
CPPFLAGS=''
CYGPATH_W='echo'
DEFS='-DPACKAGE_NAME=\"\" -DPACKAGE_TARNAME=\"\" -DPACKAGE_VERSION=\"\" -DPACKAGE_STRING=\"\" -DPACKAGE_BUGREPORT=\"\" -DPACKAGE=\"amarok_now_playing\" -DVERSION=\"1.4\"'
DEPDIR='.deps'
ECHO_C=''
ECHO_N='-n'
ECHO_T=''
EXEEXT=''
INSTALL_DATA='${INSTALL} -m 644'
INSTALL_PROGRAM='${INSTALL}'
INSTALL_SCRIPT='${INSTALL}'
INSTALL_STRIP_PROGRAM='$(install_sh) -c -s'
LDFLAGS=''
LIBOBJS=''
LIBS=''
LTLIBOBJS=''
MAKEINFO='${SHELL} /home/arthur/amarok_now_playing/missing --run makeinfo'
OBJEXT='o'
PACKAGE='amarok_now_playing'
PACKAGE_BUGREPORT=''
PACKAGE_NAME=''
PACKAGE_STRING=''
PACKAGE_TARNAME=''
PACKAGE_VERSION=''
PATH_SEPARATOR=':'
SET_MAKE=''
SHELL='/bin/bash'
STRIP=''
VERSION='1.4'
ac_ct_CC='gcc'
am__fastdepCC_FALSE=''
am__fastdepCC_TRUE='#'
am__include='include'
am__isrc=''
am__leading_dot='.'
am__quote=''
am__tar='${AMTAR} chof - "$$tardir"'
am__untar='${AMTAR} xf -'
bindir='${exec_prefix}/bin'
build_alias=''
datadir='${datarootdir}'
datarootdir='${prefix}/share'
docdir='${datarootdir}/doc/${PACKAGE}'
dvidir='${docdir}'
exec_prefix='${prefix}'
host_alias=''
htmldir='${docdir}'
includedir='${prefix}/include'
infodir='${datarootdir}/info'
install_sh='$(SHELL) /home/arthur/amarok_now_playing/install-sh'
libdir='${exec_prefix}/lib'
libexecdir='${exec_prefix}/libexec'
localedir='${datarootdir}/locale'
localstatedir='${prefix}/var'
mandir='${datarootdir}/man'
mkdir_p='/bin/mkdir -p'
oldincludedir='/usr/include'
pdfdir='${docdir}'
prefix='/usr/local'
program_transform_name='s,x,x,'
psdir='${docdir}'
sbindir='${exec_prefix}/sbin'
sharedstatedir='${prefix}/com'
sysconfdir='${prefix}/etc'
target_alias=''

## ----------- ##
## confdefs.h. ##
## ----------- ##

#define PACKAGE_NAME ""
#define PACKAGE_TARNAME ""
#define PACKAGE_VERSION ""
#define PACKAGE_STRING ""
#define PACKAGE_BUGREPORT ""
#define PACKAGE "amarok_now_playing"
#define VERSION "1.4"

configure: exit 0

## ---------------------- ##
## Running config.status. ##
## ---------------------- ##

This file was extended by config.status, which was
generated by GNU Autoconf 2.61.  Invocation command line was

  CONFIG_FILES    = 
  CONFIG_HEADERS  = 
  CONFIG_LINKS    = 
  CONFIG_COMMANDS = 
  $ ./config.status 

on badger

config.status:615: creating Makefile
config.status:806: executing depfiles commands
